Load "c:\\Users\\Cave Canem\\Desktop\\nRF5_SDK_16.0.0_98a08e2 -2\\examples\\ble_peripheral1\\ble_app_blinky_eink\\pca10040\\s132\\arm5_no_packs\\_build\\nrf52832_xxaa.axf" 
Set JLink Project File to "c:\Users\Cave Canem\Desktop\nRF5_SDK_16.0.0_98a08e2 -2\examples\ble_peripheral1\ble_app_blinky_eink\pca10040\s132\arm5_no_packs\JLinkSettings.ini"* JLink Info: Device "NRF52832_XXAA" selected.

JLink info:
------------
DLL: V6.82g, compiled Aug 28 2020 16:57:23
Firmware: J-Link V9 compiled Dec 13 2019 11:14:50
Hardware: V9.20
Feature(s) : RDI, FlashBP, FlashDL, JFlash, GDB 

* JLink Info: InitTarget() start
* JLink Info: InitTarget() end
* JLink Info: Found SW-DP with ID 0x2BA01477
* JLink Info: Unknown DP version. Assuming DPv0
* JLink Info: Scanning AP map to find all available APs
* JLink Info: AP[2]: Stopped AP scan as end of AP map has been reached
* JLink Info: AP[0]: AHB-AP (IDR: 0x24770011)
* JLink Info: AP[1]: JTAG-AP (IDR: 0x02880000)
* JLink Info: Iterating through AP map to find AHB-AP to use
* JLink Info: AP[0]: Core found
* JLink Info: AP[0]: AHB-AP ROM base: 0xE00FF000
* JLink Info: CPUID register: 0x410FC241. Implementer code: 0x41 (ARM)
* JLink Info: Found Cortex-M4 r0p1, Little endian.
* JLink Info: FPUnit: 6 code (BP) slots and 2 literal slots
* JLink Info: CoreSight components:
* JLink Info: ROMTbl[0] @ E00FF000
* JLink Info: ROMTbl[0][0]: E000E000, CID: B105E00D, PID: 000BB00C SCS-M7
* JLink Info: ROMTbl[0][1]: E0001000, CID: B105E00D, PID: 003BB002 DWT
* JLink Info: ROMTbl[0][2]: E0002000, CID: B105E00D, PID: 002BB003 FPB
* JLink Info: ROMTbl[0][3]: E0000000, CID: B105E00D, PID: 003BB001 ITM
* JLink Info: ROMTbl[0][4]: E0040000, CID: B105900D, PID: 000BB9A1 TPIU
* JLink Info: ROMTbl[0][5]: E0041000, CID: B105900D, PID: 000BB925 ETM
ROMTableAddr = 0xE00FF000
* JLink Info: Reset: Halt core after reset via DEMCR.VC_CORERESET.
* JLink Info: Reset: Reset device via AIRCR.SYSRESETREQ.

Target info:
------------
Device: nRF52832_xxAA
VTarget = 3.304V
State of Pins: TCK: 0, TDI: 0, TDO: 0, TMS: 1, TRES: 1, TRST: 0
Hardware-Breakpoints: 6
Software-Breakpoints: 8192
Watchpoints:          4
JTAG speed: 4000 kHz

Erase Done.Programming Done.Verify OK.* JLink Info: Reset: Halt core after reset via DEMCR.VC_CORERESET.
* JLink Info: Reset: Reset device via AIRCR.SYSRESETREQ.
Application running ...
Flash Load finished at 00:01:01
